#
# There is insufficient memory for the Java Runtime Environment to continue.
# Native memory allocation (malloc) failed to allocate 695696 bytes for Chunk::new
# Possible reasons:
#   The system is out of physical RAM or swap space
#   The process is running with CompressedOops enabled, and the Java Heap may be blocking the growth of the native heap
# Possible solutions:
#   Reduce memory load on the system
#   Increase physical memory or swap space
#   Check if swap backing store is full
#   Decrease Java heap size (-Xmx/-Xms)
#   Decrease number of Java threads
#   Decrease Java thread stack sizes (-Xss)
#   Set larger code cache with -XX:ReservedCodeCacheSize=
#   JVM is running with Unscaled Compressed Oops mode in which the Java heap is
#     placed in the first 4GB address space. The Java Heap base address is the
#     maximum limit for the native heap growth. Please use -XX:HeapBaseMinAddress
#     to set the Java Heap base and to place the Java Heap above 4GB virtual address.
# This output file may be truncated or incomplete.
#
#  Out of Memory Error (./src/hotspot/share/memory/arena.cpp:197), pid=20452, tid=19620
#
# JRE version: OpenJDK Runtime Environment Temurin-11.0.13+8 (11.0.13+8) (build 11.0.13+8)
# Java VM: OpenJDK 64-Bit Server VM Temurin-11.0.13+8 (11.0.13+8, mixed mode, tiered, compressed oops, g1 gc, windows-amd64)
# No core dump will be written. Minidumps are not enabled by default on client versions of Windows
#

---------------  S U M M A R Y ------------

Command Line: -Xmx1024M -Xss1m C:\Users\btnwi\AppData\Local\Android\Sdk\build-tools\30.0.3\lib\apksigner.jar sign --verbose --ks C:/Users/btnwi/.android/debug.keystore --ks-pass pass:android --ks-key-alias androiddebugkey C:/Users/btnwi/AppData/Local/Temp/Godot/tmpexport.1638320450.apk

Host: Intel(R) Core(TM) i5-3320M CPU @ 2.60GHz, 4 cores, 7G,  Windows 10 , 64 bit Build 19041 (10.0.19041.1348)
Time: Tue Nov 30 18:01:00 2021 Mountain Standard Time elapsed time: 0.945008 seconds (0d 0h 0m 0s)

---------------  T H R E A D  ---------------

Current thread (0x0000028878ecd800):  JavaThread "C2 CompilerThread1" daemon [_thread_in_native, id=19620, stack(0x000000a256b00000,0x000000a256c00000)]


Current CompileTask:
C2:    945  558   !   4       com.sun.crypto.provider.PKCS12PBECipherCore::derive (501 bytes)

Stack: [0x000000a256b00000,0x000000a256c00000]
Native frames: (J=compiled Java code, j=interpreted, Vv=VM code, C=native code)
V  [jvm.dll+0x61cc7a]
V  [jvm.dll+0x7a8fd9]
V  [jvm.dll+0x7aa69f]
V  [jvm.dll+0x7aad73]
V  [jvm.dll+0x24f808]
V  [jvm.dll+0xc260c]
V  [jvm.dll+0xc2bcc]
V  [jvm.dll+0x358122]
V  [jvm.dll+0x325793]
V  [jvm.dll+0x324aca]
V  [jvm.dll+0x208995]
V  [jvm.dll+0x207b7d]
V  [jvm.dll+0x18a011]
V  [jvm.dll+0x217599]
V  [jvm.dll+0x21578b]
V  [jvm.dll+0x76ba50]
V  [jvm.dll+0x7649d4]
V  [jvm.dll+0x61bb16]
C  [ucrtbase.dll+0x21bb2]
C  [KERNEL32.DLL+0x17034]
C  [ntdll.dll+0x52651]


---------------  P R O C E S S  ---------------

Threads class SMR info:
_java_thread_list=0x000002887806c5b0, length=11, elements={
0x000002885b72b000, 0x0000028878074000, 0x000002887806a000, 0x000002887807d000,
0x000002887807e800, 0x00000288789e0800, 0x00000288789e3000, 0x00000288789e4800,
0x0000028878a44800, 0x0000028878b66000, 0x0000028878ecd800
}

Java Threads: ( => current thread )
  0x000002885b72b000 JavaThread "main" [_thread_in_Java, id=15152, stack(0x000000a255a00000,0x000000a255b00000)]
  0x0000028878074000 JavaThread "Reference Handler" daemon [_thread_blocked, id=1036, stack(0x000000a256100000,0x000000a256200000)]
  0x000002887806a000 JavaThread "Finalizer" daemon [_thread_blocked, id=21136, stack(0x000000a256200000,0x000000a256300000)]
  0x000002887807d000 JavaThread "Signal Dispatcher" daemon [_thread_blocked, id=14692, stack(0x000000a256300000,0x000000a256400000)]
  0x000002887807e800 JavaThread "Attach Listener" daemon [_thread_blocked, id=16604, stack(0x000000a256400000,0x000000a256500000)]
  0x00000288789e0800 JavaThread "Service Thread" daemon [_thread_blocked, id=14308, stack(0x000000a256500000,0x000000a256600000)]
  0x00000288789e3000 JavaThread "C2 CompilerThread0" daemon [_thread_blocked, id=18448, stack(0x000000a256600000,0x000000a256700000)]
  0x00000288789e4800 JavaThread "C1 CompilerThread0" daemon [_thread_blocked, id=13448, stack(0x000000a256700000,0x000000a256800000)]
  0x0000028878a44800 JavaThread "Sweeper thread" daemon [_thread_blocked, id=10764, stack(0x000000a256800000,0x000000a256900000)]
  0x0000028878b66000 JavaThread "Common-Cleaner" daemon [_thread_blocked, id=19076, stack(0x000000a256a00000,0x000000a256b00000)]
=>0x0000028878ecd800 JavaThread "C2 CompilerThread1" daemon [_thread_in_native, id=19620, stack(0x000000a256b00000,0x000000a256c00000)]

Other Threads:
  0x0000028878060000 VMThread "VM Thread" [stack: 0x000000a256000000,0x000000a256100000] [id=10832]
  0x0000028878b5f000 WatcherThread [stack: 0x000000a256900000,0x000000a256a00000] [id=9756]
  0x000002885b744000 GCTaskThread "GC Thread#0" [stack: 0x000000a255b00000,0x000000a255c00000] [id=8812]
  0x00000288791fe000 GCTaskThread "GC Thread#1" [stack: 0x000000a256c00000,0x000000a256d00000] [id=1852]
  0x00000288791ff800 GCTaskThread "GC Thread#2" [stack: 0x000000a256d00000,0x000000a256e00000] [id=9188]
  0x000002885b75e800 ConcurrentGCThread "G1 Main Marker" [stack: 0x000000a255c00000,0x000000a255d00000] [id=6644]
  0x000002885b762000 ConcurrentGCThread "G1 Conc#0" [stack: 0x000000a255d00000,0x000000a255e00000] [id=10152]
  0x000002885b7f0800 ConcurrentGCThread "G1 Refine#0" [stack: 0x000000a255e00000,0x000000a255f00000] [id=13488]
  0x000002885b7f1800 ConcurrentGCThread "G1 Young RemSet Sampling" [stack: 0x000000a255f00000,0x000000a256000000] [id=17304]

Threads with active compile tasks:
C1 CompilerThread0    996  579       3       java.lang.Class::getPackageName (81 bytes)
C2 CompilerThread1    996  558   !   4       com.sun.crypto.provider.PKCS12PBECipherCore::derive (501 bytes)

VM state:not at safepoint (normal execution)

VM Mutex/Monitor currently owned by a thread: None

Heap address: 0x00000000c0000000, size: 1024 MB, Compressed Oops mode: 32-bit
Narrow klass base: 0x0000000000000000, Narrow klass shift: 3
Compressed class space size: 1073741824 Address: 0x0000000100000000

Heap:
 garbage-first heap   total 131072K, used 5774K [0x00000000c0000000, 0x0000000100000000)
  region size 1024K, 7 young (7168K), 2 survivors (2048K)
 Metaspace       used 10048K, capacity 10263K, committed 10496K, reserved 1062912K
  class space    used 927K, capacity 1000K, committed 1024K, reserved 1048576K
Heap Regions: E=young(eden), S=young(survivor), O=old, HS=humongous(starts), HC=humongous(continues), CS=collection set, F=free, A=archive, TAMS=top-at-mark-start (previous, next)
|   0|0x00000000c0000000, 0x00000000c0000000, 0x00000000c0100000|  0%| F|  |TAMS 0x00000000c0000000, 0x00000000c0000000| Untracked 
|   1|0x00000000c0100000, 0x00000000c0100000, 0x00000000c0200000|  0%| F|  |TAMS 0x00000000c0100000, 0x00000000c0100000| Untracked 
|   2|0x00000000c0200000, 0x00000000c0200000, 0x00000000c0300000|  0%| F|  |TAMS 0x00000000c0200000, 0x00000000c0200000| Untracked 
|   3|0x00000000c0300000, 0x00000000c0300000, 0x00000000c0400000|  0%| F|  |TAMS 0x00000000c0300000, 0x00000000c0300000| Untracked 
|   4|0x00000000c0400000, 0x00000000c0400000, 0x00000000c0500000|  0%| F|  |TAMS 0x00000000c0400000, 0x00000000c0400000| Untracked 
|   5|0x00000000c0500000, 0x00000000c0500000, 0x00000000c0600000|  0%| F|  |TAMS 0x00000000c0500000, 0x00000000c0500000| Untracked 
|   6|0x00000000c0600000, 0x00000000c0600000, 0x00000000c0700000|  0%| F|  |TAMS 0x00000000c0600000, 0x00000000c0600000| Untracked 
|   7|0x00000000c0700000, 0x00000000c0700000, 0x00000000c0800000|  0%| F|  |TAMS 0x00000000c0700000, 0x00000000c0700000| Untracked 
|   8|0x00000000c0800000, 0x00000000c0800000, 0x00000000c0900000|  0%| F|  |TAMS 0x00000000c0800000, 0x00000000c0800000| Untracked 
|   9|0x00000000c0900000, 0x00000000c0900000, 0x00000000c0a00000|  0%| F|  |TAMS 0x00000000c0900000, 0x00000000c0900000| Untracked 
|  10|0x00000000c0a00000, 0x00000000c0a00000, 0x00000000c0b00000|  0%| F|  |TAMS 0x00000000c0a00000, 0x00000000c0a00000| Untracked 
|  11|0x00000000c0b00000, 0x00000000c0b00000, 0x00000000c0c00000|  0%| F|  |TAMS 0x00000000c0b00000, 0x00000000c0b00000| Untracked 
|  12|0x00000000c0c00000, 0x00000000c0c00000, 0x00000000c0d00000|  0%| F|  |TAMS 0x00000000c0c00000, 0x00000000c0c00000| Untracked 
|  13|0x00000000c0d00000, 0x00000000c0d00000, 0x00000000c0e00000|  0%| F|  |TAMS 0x00000000c0d00000, 0x00000000c0d00000| Untracked 
|  14|0x00000000c0e00000, 0x00000000c0e00000, 0x00000000c0f00000|  0%| F|  |TAMS 0x00000000c0e00000, 0x00000000c0e00000| Untracked 
|  15|0x00000000c0f00000, 0x00000000c0f00000, 0x00000000c1000000|  0%| F|  |TAMS 0x00000000c0f00000, 0x00000000c0f00000| Untracked 
|  16|0x00000000c1000000, 0x00000000c1000000, 0x00000000c1100000|  0%| F|  |TAMS 0x00000000c1000000, 0x00000000c1000000| Untracked 
|  17|0x00000000c1100000, 0x00000000c1100000, 0x00000000c1200000|  0%| F|  |TAMS 0x00000000c1100000, 0x00000000c1100000| Untracked 
|  18|0x00000000c1200000, 0x00000000c1200000, 0x00000000c1300000|  0%| F|  |TAMS 0x00000000c1200000, 0x00000000c1200000| Untracked 
|  19|0x00000000c1300000, 0x00000000c1300000, 0x00000000c1400000|  0%| F|  |TAMS 0x00000000c1300000, 0x00000000c1300000| Untracked 
|  20|0x00000000c1400000, 0x00000000c1400000, 0x00000000c1500000|  0%| F|  |TAMS 0x00000000c1400000, 0x00000000c1400000| Untracked 
|  21|0x00000000c1500000, 0x00000000c1500000, 0x00000000c1600000|  0%| F|  |TAMS 0x00000000c1500000, 0x00000000c1500000| Untracked 
|  22|0x00000000c1600000, 0x00000000c1600000, 0x00000000c1700000|  0%| F|  |TAMS 0x00000000c1600000, 0x00000000c1600000| Untracked 
|  23|0x00000000c1700000, 0x00000000c1700000, 0x00000000c1800000|  0%| F|  |TAMS 0x00000000c1700000, 0x00000000c1700000| Untracked 
|  24|0x00000000c1800000, 0x00000000c1800000, 0x00000000c1900000|  0%| F|  |TAMS 0x00000000c1800000, 0x00000000c1800000| Untracked 
|  25|0x00000000c1900000, 0x00000000c1900000, 0x00000000c1a00000|  0%| F|  |TAMS 0x00000000c1900000, 0x00000000c1900000| Untracked 
|  26|0x00000000c1a00000, 0x00000000c1a00000, 0x00000000c1b00000|  0%| F|  |TAMS 0x00000000c1a00000, 0x00000000c1a00000| Untracked 
|  27|0x00000000c1b00000, 0x00000000c1b00000, 0x00000000c1c00000|  0%| F|  |TAMS 0x00000000c1b00000, 0x00000000c1b00000| Untracked 
|  28|0x00000000c1c00000, 0x00000000c1c00000, 0x00000000c1d00000|  0%| F|  |TAMS 0x00000000c1c00000, 0x00000000c1c00000| Untracked 
|  29|0x00000000c1d00000, 0x00000000c1d00000, 0x00000000c1e00000|  0%| F|  |TAMS 0x00000000c1d00000, 0x00000000c1d00000| Untracked 
|  30|0x00000000c1e00000, 0x00000000c1e00000, 0x00000000c1f00000|  0%| F|  |TAMS 0x00000000c1e00000, 0x00000000c1e00000| Untracked 
|  31|0x00000000c1f00000, 0x00000000c1f00000, 0x00000000c2000000|  0%| F|  |TAMS 0x00000000c1f00000, 0x00000000c1f00000| Untracked 
|  32|0x00000000c2000000, 0x00000000c2000000, 0x00000000c2100000|  0%| F|  |TAMS 0x00000000c2000000, 0x00000000c2000000| Untracked 
|  33|0x00000000c2100000, 0x00000000c2100000, 0x00000000c2200000|  0%| F|  |TAMS 0x00000000c2100000, 0x00000000c2100000| Untracked 
|  34|0x00000000c2200000, 0x00000000c2200000, 0x00000000c2300000|  0%| F|  |TAMS 0x00000000c2200000, 0x00000000c2200000| Untracked 
|  35|0x00000000c2300000, 0x00000000c2300000, 0x00000000c2400000|  0%| F|  |TAMS 0x00000000c2300000, 0x00000000c2300000| Untracked 
|  36|0x00000000c2400000, 0x00000000c2400000, 0x00000000c2500000|  0%| F|  |TAMS 0x00000000c2400000, 0x00000000c2400000| Untracked 
|  37|0x00000000c2500000, 0x00000000c2500000, 0x00000000c2600000|  0%| F|  |TAMS 0x00000000c2500000, 0x00000000c2500000| Untracked 
|  38|0x00000000c2600000, 0x00000000c2600000, 0x00000000c2700000|  0%| F|  |TAMS 0x00000000c2600000, 0x00000000c2600000| Untracked 
|  39|0x00000000c2700000, 0x00000000c2700000, 0x00000000c2800000|  0%| F|  |TAMS 0x00000000c2700000, 0x00000000c2700000| Untracked 
|  40|0x00000000c2800000, 0x00000000c2800000, 0x00000000c2900000|  0%| F|  |TAMS 0x00000000c2800000, 0x00000000c2800000| Untracked 
|  41|0x00000000c2900000, 0x00000000c2900000, 0x00000000c2a00000|  0%| F|  |TAMS 0x00000000c2900000, 0x00000000c2900000| Untracked 
|  42|0x00000000c2a00000, 0x00000000c2a00000, 0x00000000c2b00000|  0%| F|  |TAMS 0x00000000c2a00000, 0x00000000c2a00000| Untracked 
|  43|0x00000000c2b00000, 0x00000000c2b00000, 0x00000000c2c00000|  0%| F|  |TAMS 0x00000000c2b00000, 0x00000000c2b00000| Untracked 
|  44|0x00000000c2c00000, 0x00000000c2c00000, 0x00000000c2d00000|  0%| F|  |TAMS 0x00000000c2c00000, 0x00000000c2c00000| Untracked 
|  45|0x00000000c2d00000, 0x00000000c2d00000, 0x00000000c2e00000|  0%| F|  |TAMS 0x00000000c2d00000, 0x00000000c2d00000| Untracked 
|  46|0x00000000c2e00000, 0x00000000c2e00000, 0x00000000c2f00000|  0%| F|  |TAMS 0x00000000c2e00000, 0x00000000c2e00000| Untracked 
|  47|0x00000000c2f00000, 0x00000000c2f00000, 0x00000000c3000000|  0%| F|  |TAMS 0x00000000c2f00000, 0x00000000c2f00000| Untracked 
|  48|0x00000000c3000000, 0x00000000c3000000, 0x00000000c3100000|  0%| F|  |TAMS 0x00000000c3000000, 0x00000000c3000000| Untracked 
|  49|0x00000000c3100000, 0x00000000c3100000, 0x00000000c3200000|  0%| F|  |TAMS 0x00000000c3100000, 0x00000000c3100000| Untracked 
|  50|0x00000000c3200000, 0x00000000c3200000, 0x00000000c3300000|  0%| F|  |TAMS 0x00000000c3200000, 0x00000000c3200000| Untracked 
|  51|0x00000000c3300000, 0x00000000c3300000, 0x00000000c3400000|  0%| F|  |TAMS 0x00000000c3300000, 0x00000000c3300000| Untracked 
|  52|0x00000000c3400000, 0x00000000c3400000, 0x00000000c3500000|  0%| F|  |TAMS 0x00000000c3400000, 0x00000000c3400000| Untracked 
|  53|0x00000000c3500000, 0x00000000c3500000, 0x00000000c3600000|  0%| F|  |TAMS 0x00000000c3500000, 0x00000000c3500000| Untracked 
|  54|0x00000000c3600000, 0x00000000c3600000, 0x00000000c3700000|  0%| F|  |TAMS 0x00000000c3600000, 0x00000000c3600000| Untracked 
|  55|0x00000000c3700000, 0x00000000c3700000, 0x00000000c3800000|  0%| F|  |TAMS 0x00000000c3700000, 0x00000000c3700000| Untracked 
|  56|0x00000000c3800000, 0x00000000c3800000, 0x00000000c3900000|  0%| F|  |TAMS 0x00000000c3800000, 0x00000000c3800000| Untracked 
|  57|0x00000000c3900000, 0x00000000c3900000, 0x00000000c3a00000|  0%| F|  |TAMS 0x00000000c3900000, 0x00000000c3900000| Untracked 
|  58|0x00000000c3a00000, 0x00000000c3a00000, 0x00000000c3b00000|  0%| F|  |TAMS 0x00000000c3a00000, 0x00000000c3a00000| Untracked 
|  59|0x00000000c3b00000, 0x00000000c3b00000, 0x00000000c3c00000|  0%| F|  |TAMS 0x00000000c3b00000, 0x00000000c3b00000| Untracked 
|  60|0x00000000c3c00000, 0x00000000c3c00000, 0x00000000c3d00000|  0%| F|  |TAMS 0x00000000c3c00000, 0x00000000c3c00000| Untracked 
|  61|0x00000000c3d00000, 0x00000000c3d00000, 0x00000000c3e00000|  0%| F|  |TAMS 0x00000000c3d00000, 0x00000000c3d00000| Untracked 
|  62|0x00000000c3e00000, 0x00000000c3e00000, 0x00000000c3f00000|  0%| F|  |TAMS 0x00000000c3e00000, 0x00000000c3e00000| Untracked 
|  63|0x00000000c3f00000, 0x00000000c3f00000, 0x00000000c4000000|  0%| F|  |TAMS 0x00000000c3f00000, 0x00000000c3f00000| Untracked 
|  64|0x00000000c4000000, 0x00000000c4000000, 0x00000000c4100000|  0%| F|  |TAMS 0x00000000c4000000, 0x00000000c4000000| Untracked 
|  65|0x00000000c4100000, 0x00000000c4100000, 0x00000000c4200000|  0%| F|  |TAMS 0x00000000c4100000, 0x00000000c4100000| Untracked 
|  66|0x00000000c4200000, 0x00000000c4200000, 0x00000000c4300000|  0%| F|  |TAMS 0x00000000c4200000, 0x00000000c4200000| Untracked 
|  67|0x00000000c4300000, 0x00000000c4300000, 0x00000000c4400000|  0%| F|  |TAMS 0x00000000c4300000, 0x00000000c4300000| Untracked 
|  68|0x00000000c4400000, 0x00000000c4400000, 0x00000000c4500000|  0%| F|  |TAMS 0x00000000c4400000, 0x00000000c4400000| Untracked 
|  69|0x00000000c4500000, 0x00000000c4500000, 0x00000000c4600000|  0%| F|  |TAMS 0x00000000c4500000, 0x00000000c4500000| Untracked 
|  70|0x00000000c4600000, 0x00000000c4600000, 0x00000000c4700000|  0%| F|  |TAMS 0x00000000c4600000, 0x00000000c4600000| Untracked 
|  71|0x00000000c4700000, 0x00000000c4700000, 0x00000000c4800000|  0%| F|  |TAMS 0x00000000c4700000, 0x00000000c4700000| Untracked 
|  72|0x00000000c4800000, 0x00000000c4800000, 0x00000000c4900000|  0%| F|  |TAMS 0x00000000c4800000, 0x00000000c4800000| Untracked 
|  73|0x00000000c4900000, 0x00000000c4900000, 0x00000000c4a00000|  0%| F|  |TAMS 0x00000000c4900000, 0x00000000c4900000| Untracked 
|  74|0x00000000c4a00000, 0x00000000c4a00000, 0x00000000c4b00000|  0%| F|  |TAMS 0x00000000c4a00000, 0x00000000c4a00000| Untracked 
|  75|0x00000000c4b00000, 0x00000000c4b00000, 0x00000000c4c00000|  0%| F|  |TAMS 0x00000000c4b00000, 0x00000000c4b00000| Untracked 
|  76|0x00000000c4c00000, 0x00000000c4c00000, 0x00000000c4d00000|  0%| F|  |TAMS 0x00000000c4c00000, 0x00000000c4c00000| Untracked 
|  77|0x00000000c4d00000, 0x00000000c4d00000, 0x00000000c4e00000|  0%| F|  |TAMS 0x00000000c4d00000, 0x00000000c4d00000| Untracked 
|  78|0x00000000c4e00000, 0x00000000c4e00000, 0x00000000c4f00000|  0%| F|  |TAMS 0x00000000c4e00000, 0x00000000c4e00000| Untracked 
|  79|0x00000000c4f00000, 0x00000000c4f00000, 0x00000000c5000000|  0%| F|  |TAMS 0x00000000c4f00000, 0x00000000c4f00000| Untracked 
|  80|0x00000000c5000000, 0x00000000c5000000, 0x00000000c5100000|  0%| F|  |TAMS 0x00000000c5000000, 0x00000000c5000000| Untracked 
|  81|0x00000000c5100000, 0x00000000c5100000, 0x00000000c5200000|  0%| F|  |TAMS 0x00000000c5100000, 0x00000000c5100000| Untracked 
|  82|0x00000000c5200000, 0x00000000c5200000, 0x00000000c5300000|  0%| F|  |TAMS 0x00000000c5200000, 0x00000000c5200000| Untracked 
|  83|0x00000000c5300000, 0x00000000c5300000, 0x00000000c5400000|  0%| F|  |TAMS 0x00000000c5300000, 0x00000000c5300000| Untracked 
|  84|0x00000000c5400000, 0x00000000c5400000, 0x00000000c5500000|  0%| F|  |TAMS 0x00000000c5400000, 0x00000000c5400000| Untracked 
|  85|0x00000000c5500000, 0x00000000c5500000, 0x00000000c5600000|  0%| F|  |TAMS 0x00000000c5500000, 0x00000000c5500000| Untracked 
|  86|0x00000000c5600000, 0x00000000c5600000, 0x00000000c5700000|  0%| F|  |TAMS 0x00000000c5600000, 0x00000000c5600000| Untracked 
|  87|0x00000000c5700000, 0x00000000c5700000, 0x00000000c5800000|  0%| F|  |TAMS 0x00000000c5700000, 0x00000000c5700000| Untracked 
|  88|0x00000000c5800000, 0x00000000c5800000, 0x00000000c5900000|  0%| F|  |TAMS 0x00000000c5800000, 0x00000000c5800000| Untracked 
|  89|0x00000000c5900000, 0x00000000c5900000, 0x00000000c5a00000|  0%| F|  |TAMS 0x00000000c5900000, 0x00000000c5900000| Untracked 
|  90|0x00000000c5a00000, 0x00000000c5a00000, 0x00000000c5b00000|  0%| F|  |TAMS 0x00000000c5a00000, 0x00000000c5a00000| Untracked 
|  91|0x00000000c5b00000, 0x00000000c5b00000, 0x00000000c5c00000|  0%| F|  |TAMS 0x00000000c5b00000, 0x00000000c5b00000| Untracked 
|  92|0x00000000c5c00000, 0x00000000c5c00000, 0x00000000c5d00000|  0%| F|  |TAMS 0x00000000c5c00000, 0x00000000c5c00000| Untracked 
|  93|0x00000000c5d00000, 0x00000000c5d00000, 0x00000000c5e00000|  0%| F|  |TAMS 0x00000000c5d00000, 0x00000000c5d00000| Untracked 
|  94|0x00000000c5e00000, 0x00000000c5e00000, 0x00000000c5f00000|  0%| F|  |TAMS 0x00000000c5e00000, 0x00000000c5e00000| Untracked 
|  95|0x00000000c5f00000, 0x00000000c5f00000, 0x00000000c6000000|  0%| F|  |TAMS 0x00000000c5f00000, 0x00000000c5f00000| Untracked 
|  96|0x00000000c6000000, 0x00000000c6000000, 0x00000000c6100000|  0%| F|  |TAMS 0x00000000c6000000, 0x00000000c6000000| Untracked 
|  97|0x00000000c6100000, 0x00000000c6100000, 0x00000000c6200000|  0%| F|  |TAMS 0x00000000c6100000, 0x00000000c6100000| Untracked 
|  98|0x00000000c6200000, 0x00000000c6200000, 0x00000000c6300000|  0%| F|  |TAMS 0x00000000c6200000, 0x00000000c6200000| Untracked 
|  99|0x00000000c6300000, 0x00000000c6300000, 0x00000000c6400000|  0%| F|  |TAMS 0x00000000c6300000, 0x00000000c6300000| Untracked 
| 100|0x00000000c6400000, 0x00000000c6400000, 0x00000000c6500000|  0%| F|  |TAMS 0x00000000c6400000, 0x00000000c6400000| Untracked 
| 101|0x00000000c6500000, 0x00000000c6500000, 0x00000000c6600000|  0%| F|  |TAMS 0x00000000c6500000, 0x00000000c6500000| Untracked 
| 102|0x00000000c6600000, 0x00000000c6600000, 0x00000000c6700000|  0%| F|  |TAMS 0x00000000c6600000, 0x00000000c6600000| Untracked 
| 103|0x00000000c6700000, 0x00000000c6700000, 0x00000000c6800000|  0%| F|  |TAMS 0x00000000c6700000, 0x00000000c6700000| Untracked 
| 104|0x00000000c6800000, 0x00000000c6800000, 0x00000000c6900000|  0%| F|  |TAMS 0x00000000c6800000, 0x00000000c6800000| Untracked 
| 105|0x00000000c6900000, 0x00000000c6900000, 0x00000000c6a00000|  0%| F|  |TAMS 0x00000000c6900000, 0x00000000c6900000| Untracked 
| 106|0x00000000c6a00000, 0x00000000c6a00000, 0x00000000c6b00000|  0%| F|  |TAMS 0x00000000c6a00000, 0x00000000c6a00000| Untracked 
| 107|0x00000000c6b00000, 0x00000000c6b00000, 0x00000000c6c00000|  0%| F|  |TAMS 0x00000000c6b00000, 0x00000000c6b00000| Untracked 
| 108|0x00000000c6c00000, 0x00000000c6c00000, 0x00000000c6d00000|  0%| F|  |TAMS 0x00000000c6c00000, 0x00000000c6c00000| Untracked 
| 109|0x00000000c6d00000, 0x00000000c6d00000, 0x00000000c6e00000|  0%| F|  |TAMS 0x00000000c6d00000, 0x00000000c6d00000| Untracked 
| 110|0x00000000c6e00000, 0x00000000c6e00000, 0x00000000c6f00000|  0%| F|  |TAMS 0x00000000c6e00000, 0x00000000c6e00000| Untracked 
| 111|0x00000000c6f00000, 0x00000000c6f00000, 0x00000000c7000000|  0%| F|  |TAMS 0x00000000c6f00000, 0x00000000c6f00000| Untracked 
| 112|0x00000000c7000000, 0x00000000c70a3a60, 0x00000000c7100000| 63%| S|CS|TAMS 0x00000000c7000000, 0x00000000c7000000| Complete 
| 113|0x00000000c7100000, 0x00000000c7200000, 0x00000000c7200000|100%| S|CS|TAMS 0x00000000c7100000, 0x00000000c7100000| Complete 
| 114|0x00000000c7200000, 0x00000000c7200000, 0x00000000c7300000|  0%| F|  |TAMS 0x00000000c7200000, 0x00000000c7200000| Untracked 
| 115|0x00000000c7300000, 0x00000000c7300000, 0x00000000c7400000|  0%| F|  |TAMS 0x00000000c7300000, 0x00000000c7300000| Untracked 
| 116|0x00000000c7400000, 0x00000000c7400000, 0x00000000c7500000|  0%| F|  |TAMS 0x00000000c7400000, 0x00000000c7400000| Untracked 
| 117|0x00000000c7500000, 0x00000000c7500000, 0x00000000c7600000|  0%| F|  |TAMS 0x00000000c7500000, 0x00000000c7500000| Untracked 
| 118|0x00000000c7600000, 0x00000000c7600000, 0x00000000c7700000|  0%| F|  |TAMS 0x00000000c7600000, 0x00000000c7600000| Untracked 
| 119|0x00000000c7700000, 0x00000000c7700000, 0x00000000c7800000|  0%| F|  |TAMS 0x00000000c7700000, 0x00000000c7700000| Untracked 
| 120|0x00000000c7800000, 0x00000000c7800000, 0x00000000c7900000|  0%| F|  |TAMS 0x00000000c7800000, 0x00000000c7800000| Untracked 
| 121|0x00000000c7900000, 0x00000000c7900000, 0x00000000c7a00000|  0%| F|  |TAMS 0x00000000c7900000, 0x00000000c7900000| Untracked 
| 122|0x00000000c7a00000, 0x00000000c7a00000, 0x00000000c7b00000|  0%| F|  |TAMS 0x00000000c7a00000, 0x00000000c7a00000| Untracked 
| 123|0x00000000c7b00000, 0x00000000c7c00000, 0x00000000c7c00000|100%| E|  |TAMS 0x00000000c7b00000, 0x00000000c7b00000| Complete 
| 124|0x00000000c7c00000, 0x00000000c7d00000, 0x00000000c7d00000|100%| E|CS|TAMS 0x00000000c7c00000, 0x00000000c7c00000| Complete 
| 125|0x00000000c7d00000, 0x00000000c7e00000, 0x00000000c7e00000|100%| E|CS|TAMS 0x00000000c7d00000, 0x00000000c7d00000| Complete 
| 126|0x00000000c7e00000, 0x00000000c7f00000, 0x00000000c7f00000|100%| E|CS|TAMS 0x00000000c7e00000, 0x00000000c7e00000| Complete 
| 127|0x00000000c7f00000, 0x00000000c8000000, 0x00000000c8000000|100%| E|CS|TAMS 0x00000000c7f00000, 0x00000000c7f00000| Complete 

Card table byte_map: [0x0000028873690000,0x0000028873890000] _byte_map_base: 0x0000028873090000

Marking Bits (Prev, Next): (CMBitMap*) 0x000002885b759878, (CMBitMap*) 0x000002885b7598b0
 Prev Bits: [0x0000028873a90000, 0x0000028874a90000)
 Next Bits: [0x0000028874a90000, 0x0000028875a90000)

Polling page: 0x0000028859d30000

Metaspace:

Usage:
  Non-class:      9.05 MB capacity,     8.93 MB ( 99%) used,   110.06 KB (  1%) free+waste,    10.25 KB ( <1%) overhead. 
      Class:   1000.00 KB capacity,   932.37 KB ( 93%) used,    62.76 KB (  6%) free+waste,     4.88 KB ( <1%) overhead. 
       Both:     10.02 MB capacity,     9.84 MB ( 98%) used,   172.82 KB (  2%) free+waste,    15.13 KB ( <1%) overhead. 

Virtual space:
  Non-class space:       14.00 MB reserved,       9.25 MB ( 66%) committed 
      Class space:        1.00 GB reserved,       1.00 MB ( <1%) committed 
             Both:        1.01 GB reserved,      10.25 MB ( <1%) committed 

Chunk freelists:
   Non-Class:  17.00 KB
       Class:  0 bytes
        Both:  17.00 KB

MaxMetaspaceSize: 17179869184.00 GB
CompressedClassSpaceSize: 1.00 GB
Initial GC threshold: 20.80 MB
Current GC threshold: 20.80 MB
CDS: off

CodeHeap 'non-profiled nmethods': size=120064Kb used=222Kb max_used=222Kb free=119842Kb
 bounds [0x000002886b920000, 0x000002886bb90000, 0x0000028872e60000]
CodeHeap 'profiled nmethods': size=120000Kb used=835Kb max_used=835Kb free=119164Kb
 bounds [0x00000288643f0000, 0x0000028864660000, 0x000002886b920000]
CodeHeap 'non-nmethods': size=5696Kb used=1142Kb max_used=1163Kb free=4553Kb
 bounds [0x0000028863e60000, 0x00000288640d0000, 0x00000288643f0000]
 total_blobs=976 nmethods=578 adapters=311
 compilation: enabled
              stopped_count=0, restarted_count=0
 full_count=0

Compilation events (20 events):
Event: 0.848 Thread 0x00000288789e4800 nmethod 560 0x00000288644b7c90 code [0x00000288644b7e60, 0x00000288644b80f8]
Event: 0.849 Thread 0x00000288789e3000 nmethod 559 0x000002886b955210 code [0x000002886b9553c0, 0x000002886b955498]
Event: 0.850 Thread 0x00000288789e3000  562       4       jdk.internal.org.objectweb.asm.ByteVector::putUTF8 (142 bytes)
Event: 0.850 Thread 0x00000288789e4800  563       3       java.lang.invoke.MemberName::getName (25 bytes)
Event: 0.850 Thread 0x00000288789e4800 nmethod 563 0x00000288644b8210 code [0x00000288644b83e0, 0x00000288644b8748]
Event: 0.851 Thread 0x00000288789e4800  565       3       jdk.internal.org.objectweb.asm.ClassWriter::put122 (15 bytes)
Event: 0.852 Thread 0x00000288789e4800 nmethod 565 0x00000288644b8810 code [0x00000288644b89e0, 0x00000288644b8b78]
Event: 0.853 Thread 0x00000288789e4800  567       3       java.lang.AbstractStringBuilder::checkRange (60 bytes)
Event: 0.854 Thread 0x00000288789e4800 nmethod 567 0x00000288644b8c90 code [0x00000288644b8f60, 0x00000288644b9ad8]
Event: 0.854 Thread 0x00000288789e4800  568       3       java.lang.invoke.MethodType::erase (8 bytes)
Event: 0.854 Thread 0x00000288789e4800 nmethod 568 0x00000288644b9f10 code [0x00000288644ba0c0, 0x00000288644ba1d8]
Event: 0.854 Thread 0x00000288789e4800  572       3       java.lang.invoke.LambdaForm$BasicType::basicTypeSlots (8 bytes)
Event: 0.854 Thread 0x00000288789e4800 nmethod 572 0x00000288644ba290 code [0x00000288644ba440, 0x00000288644ba5b8]
Event: 0.855 Thread 0x00000288789e4800  573       3       sun.invoke.util.VerifyType::isNullConversion (157 bytes)
Event: 0.857 Thread 0x00000288789e4800 nmethod 573 0x00000288644ba690 code [0x00000288644ba9a0, 0x00000288644bbe88]
Event: 0.858 Thread 0x00000288789e3000 nmethod 562 0x000002886b956190 code [0x000002886b956360, 0x000002886b9566d8]
Event: 0.858 Thread 0x00000288789e3000  564       4       java.lang.String::getBytes (44 bytes)
Event: 0.861 Thread 0x00000288789e3000 nmethod 564 0x000002886b956a10 code [0x000002886b956ba0, 0x000002886b956c98]
Event: 0.861 Thread 0x00000288789e3000  571       4       java.lang.AbstractStringBuilder::append (45 bytes)
Event: 0.872 Thread 0x00000288789e3000 nmethod 571 0x000002886b956d90 code [0x000002886b956f40, 0x000002886b957478]

GC Heap History (2 events):
Event: 0.876 GC heap before
{Heap before GC invocations=0 (full 0):
 garbage-first heap   total 131072K, used 14336K [0x00000000c0000000, 0x0000000100000000)
  region size 1024K, 14 young (14336K), 0 survivors (0K)
 Metaspace       used 10006K, capacity 10199K, committed 10240K, reserved 1058816K
  class space    used 923K, capacity 1000K, committed 1024K, reserved 1048576K
}
Event: 0.892 GC heap after
{Heap after GC invocations=1 (full 0):
 garbage-first heap   total 131072K, used 1678K [0x00000000c0000000, 0x0000000100000000)
  region size 1024K, 2 young (2048K), 2 survivors (2048K)
 Metaspace       used 10006K, capacity 10199K, committed 10240K, reserved 1058816K
  class space    used 923K, capacity 1000K, committed 1024K, reserved 1048576K
}

Deoptimization events (20 events):
Event: 0.706 Thread 0x000002885b72b000 DEOPT PACKING pc=0x000002886449b660 sp=0x000000a255afe510
Event: 0.706 Thread 0x000002885b72b000 DEOPT UNPACKING pc=0x0000028863eaa95e sp=0x000000a255afd998 mode 0
Event: 0.706 Thread 0x000002885b72b000 DEOPT PACKING pc=0x00000288644a45aa sp=0x000000a255afe4f0
Event: 0.706 Thread 0x000002885b72b000 DEOPT UNPACKING pc=0x0000028863eaa95e sp=0x000000a255afd938 mode 0
Event: 0.706 Thread 0x000002885b72b000 DEOPT PACKING pc=0x000002886449b660 sp=0x000000a255afe510
Event: 0.706 Thread 0x000002885b72b000 DEOPT UNPACKING pc=0x0000028863eaa95e sp=0x000000a255afd998 mode 0
Event: 0.706 Thread 0x000002885b72b000 DEOPT PACKING pc=0x00000288644a45aa sp=0x000000a255afe4f0
Event: 0.706 Thread 0x000002885b72b000 DEOPT UNPACKING pc=0x0000028863eaa95e sp=0x000000a255afd938 mode 0
Event: 0.781 Thread 0x000002885b72b000 Uncommon trap: trap_request=0xffffff4d fr.pc=0x000002886b949c6c relative=0x000000000000058c
Event: 0.781 Thread 0x000002885b72b000 Uncommon trap: reason=unstable_if action=reinterpret pc=0x000002886b949c6c method=sun.security.provider.DigestBase.engineUpdate([BII)V @ 141 c2
Event: 0.781 Thread 0x000002885b72b000 DEOPT PACKING pc=0x000002886b949c6c sp=0x000000a255afe900
Event: 0.781 Thread 0x000002885b72b000 DEOPT UNPACKING pc=0x0000028863eaa1af sp=0x000000a255afe838 mode 2
Event: 0.828 Thread 0x000002885b72b000 DEOPT PACKING pc=0x00000288644ae146 sp=0x000000a255afe970
Event: 0.828 Thread 0x000002885b72b000 DEOPT UNPACKING pc=0x0000028863eaa95e sp=0x000000a255afdef0 mode 0
Event: 0.862 Thread 0x000002885b72b000 DEOPT PACKING pc=0x00000288644ae146 sp=0x000000a255afe640
Event: 0.862 Thread 0x000002885b72b000 DEOPT UNPACKING pc=0x0000028863eaa95e sp=0x000000a255afdbc0 mode 0
Event: 0.907 Thread 0x000002885b72b000 Uncommon trap: trap_request=0x0000000d fr.pc=0x000002886b95290c relative=0x00000000000008cc
Event: 0.907 Thread 0x000002885b72b000 Uncommon trap: reason=unloaded action=reinterpret pc=0x000002886b95290c method=com.sun.crypto.provider.PKCS12PBECipherCore.derive([C[BIIILjava/lang/String;I)[B @ 296 c2
Event: 0.907 Thread 0x000002885b72b000 DEOPT PACKING pc=0x000002886b95290c sp=0x000000a255afe700
Event: 0.907 Thread 0x000002885b72b000 DEOPT UNPACKING pc=0x0000028863eaa1af sp=0x000000a255afe6d0 mode 2

Classes redefined (0 events):
No events

Internal exceptions (9 events):
Event: 0.397 Thread 0x000002885b72b000 Exception <a 'java/lang/NoSuchMethodError'{0x00000000c7de3aa8}: 'int java.lang.invoke.DirectMethodHandle$Holder.invokeSpecialIFC(java.lang.Object, java.lang.Object, int)'> (0x00000000c7de3aa8) thrown at [./src/hotspot/share/interpreter/linkResolver.cpp, line 773]
Event: 0.414 Thread 0x000002885b72b000 Exception <a 'java/lang/reflect/InvocationTargetException'{0x00000000c7c08930}> (0x00000000c7c08930) thrown at [./src/hotspot/share/runtime/reflection.cpp, line 1247]
Event: 0.425 Thread 0x000002885b72b000 Exception <a 'java/lang/reflect/InvocationTargetException'{0x00000000c7c1a070}> (0x00000000c7c1a070) thrown at [./src/hotspot/share/runtime/reflection.cpp, line 1247]
Event: 0.435 Thread 0x000002885b72b000 Exception <a 'java/lang/reflect/InvocationTargetException'{0x00000000c7c27e38}> (0x00000000c7c27e38) thrown at [./src/hotspot/share/runtime/reflection.cpp, line 1247]
Event: 0.536 Thread 0x000002885b72b000 Exception <a 'java/lang/NoSuchMethodError'{0x00000000c7b8ec38}: 'java.lang.Object java.lang.invoke.DirectMethodHandle$Holder.invokeStaticInit(java.lang.Object, int, int, int, int)'> (0x00000000c7b8ec38) thrown at [./src/hotspot/share/interpreter/linkResolver.cpp, line 773]
Event: 0.539 Thread 0x000002885b72b000 Exception <a 'sun/nio/fs/WindowsException'{0x00000000c7b95008}> (0x00000000c7b95008) thrown at [./src/hotspot/share/prims/jni.cpp, line 616]
Event: 0.852 Thread 0x000002885b72b000 Exception <a 'java/lang/NoSuchMethodError'{0x00000000c73e8100}: 'java.lang.Object java.lang.invoke.DirectMethodHandle$Holder.invokeStatic(java.lang.Object, java.lang.Object, java.lang.Object, java.lang.Object, java.lang.Object, java.lang.Object, java.lang.Object, int)'> (0x00000000c73e8100) thrown at [./src/hotspot/share/interpreter/linkResolver.cpp, line 773]
Event: 0.853 Thread 0x000002885b72b000 Exception <a 'java/lang/NoSuchMethodError'{0x00000000c73ec290}: 'java.lang.Object java.lang.invoke.DirectMethodHandle$Holder.invokeSpecial(java.lang.Object, java.lang.Object, java.lang.Object, java.lang.Object, java.lang.Object, java.lang.Object, java.lang.Object, java.lang.Object, int)'> (0x00000000c73ec290) thrown at [./src/hotspot/share/interpreter/linkResolver.cpp, line 773]
Event: 0.854 Thread 0x000002885b72b000 Exception <a 'java/lang/NoSuchMethodError'{0x00000000c73efda0}: 'java.lang.Object java.lang.invoke.Invokers$Holder.linkToTargetMethod(java.lang.Object, java.lang.Object, java.lang.Object, java.lang.Object, java.lang.Object, java.lang.Object, int, java.lang.Object)'> (0x00000000c73efda0) thrown at [./src/hotspot/share/interpreter/linkResolver.cpp, line 773]

Events (20 events):
Event: 0.781 loading class com/sun/crypto/provider/HmacPKCS12PBECore$HmacPKCS12PBE_SHA1
Event: 0.781 loading class com/sun/crypto/provider/HmacPKCS12PBECore
Event: 0.781 loading class com/sun/crypto/provider/HmacCore
Event: 0.781 loading class javax/crypto/MacSpi
Event: 0.781 loading class javax/crypto/MacSpi done
Event: 0.781 loading class com/sun/crypto/provider/HmacCore done
Event: 0.781 loading class com/sun/crypto/provider/HmacPKCS12PBECore done
Event: 0.781 loading class com/sun/crypto/provider/HmacPKCS12PBECore$HmacPKCS12PBE_SHA1 done
Event: 0.849 loading class sun/security/pkcs/EncryptedPrivateKeyInfo
Event: 0.849 loading class sun/security/pkcs/EncryptedPrivateKeyInfo done
Event: 0.856 loading class com/sun/crypto/provider/PKCS12PBECipherCore$PBEWithSHA1AndDESede
Event: 0.856 loading class com/sun/crypto/provider/PKCS12PBECipherCore$PBEWithSHA1AndDESede done
Event: 0.856 loading class com/sun/crypto/provider/DESedeCrypt
Event: 0.856 loading class com/sun/crypto/provider/DESConstants
Event: 0.856 loading class com/sun/crypto/provider/DESConstants done
Event: 0.856 loading class com/sun/crypto/provider/DESCrypt
Event: 0.857 loading class com/sun/crypto/provider/DESCrypt done
Event: 0.857 loading class com/sun/crypto/provider/DESedeCrypt done
Event: 0.875 Executing VM operation: G1CollectForAllocation
Event: 0.892 Executing VM operation: G1CollectForAllocation done


Dynamic libraries:
0x00007ff798150000 - 0x00007ff79815d000 	C:\Program Files\Eclipse Adoptium\jdk-11.0.13.8-hotspot\bin\java.exe
0x00007ffb83830000 - 0x00007ffb83a25000 	C:\WINDOWS\SYSTEM32\ntdll.dll
0x00007ffb81c40000 - 0x00007ffb81cfe000 	C:\WINDOWS\System32\KERNEL32.DLL
0x00007ffb80f50000 - 0x00007ffb81218000 	C:\WINDOWS\System32\KERNELBASE.dll
0x00007ffb81730000 - 0x00007ffb81830000 	C:\WINDOWS\System32\ucrtbase.dll
0x00007ffb5d780000 - 0x00007ffb5d795000 	C:\Program Files\Eclipse Adoptium\jdk-11.0.13.8-hotspot\bin\VCRUNTIME140.dll
0x00007ffb51180000 - 0x00007ffb51197000 	C:\Program Files\Eclipse Adoptium\jdk-11.0.13.8-hotspot\bin\jli.dll
0x00007ffb819a0000 - 0x00007ffb81b41000 	C:\WINDOWS\System32\USER32.dll
0x00007ffb814f0000 - 0x00007ffb81512000 	C:\WINDOWS\System32\win32u.dll
0x00007ffb6f020000 - 0x00007ffb6f2ba000 	C:\WINDOWS\WinSxS\amd64_microsoft.windows.common-controls_6595b64144ccf1df_6.0.19041.1110_none_60b5254171f9507e\COMCTL32.dll
0x00007ffb82600000 - 0x00007ffb8262b000 	C:\WINDOWS\System32\GDI32.dll
0x00007ffb81900000 - 0x00007ffb8199e000 	C:\WINDOWS\System32\msvcrt.dll
0x00007ffb813e0000 - 0x00007ffb814eb000 	C:\WINDOWS\System32\gdi32full.dll
0x00007ffb81660000 - 0x00007ffb816fd000 	C:\WINDOWS\System32\msvcp_win.dll
0x00007ffb82190000 - 0x00007ffb821c0000 	C:\WINDOWS\System32\IMM32.DLL
0x00007ffb3cb20000 - 0x00007ffb3cbbb000 	C:\Program Files\Eclipse Adoptium\jdk-11.0.13.8-hotspot\bin\msvcp140.dll
0x00007ffb271b0000 - 0x00007ffb27d2e000 	C:\Program Files\Eclipse Adoptium\jdk-11.0.13.8-hotspot\bin\server\jvm.dll
0x00007ffb835b0000 - 0x00007ffb8365c000 	C:\WINDOWS\System32\ADVAPI32.dll
0x00007ffb821c0000 - 0x00007ffb8225b000 	C:\WINDOWS\System32\sechost.dll
0x00007ffb83660000 - 0x00007ffb8378a000 	C:\WINDOWS\System32\RPCRT4.dll
0x00007ffb82cc0000 - 0x00007ffb82cc8000 	C:\WINDOWS\System32\PSAPI.DLL
0x00007ffb7dc20000 - 0x00007ffb7dc29000 	C:\WINDOWS\SYSTEM32\WSOCK32.dll
0x00007ffb789f0000 - 0x00007ffb78a17000 	C:\WINDOWS\SYSTEM32\WINMM.dll
0x00007ffb78230000 - 0x00007ffb7823a000 	C:\WINDOWS\SYSTEM32\VERSION.dll
0x00007ffb82590000 - 0x00007ffb825fb000 	C:\WINDOWS\System32\WS2_32.dll
0x00007ffb7ee50000 - 0x00007ffb7ee62000 	C:\WINDOWS\SYSTEM32\kernel.appcore.dll
0x00007ffb66f10000 - 0x00007ffb66f20000 	C:\Program Files\Eclipse Adoptium\jdk-11.0.13.8-hotspot\bin\verify.dll
0x00007ffb7b6f0000 - 0x00007ffb7b8d4000 	C:\WINDOWS\SYSTEM32\DBGHELP.DLL
0x00007ffb72c60000 - 0x00007ffb72c8c000 	C:\WINDOWS\SYSTEM32\dbgcore.DLL
0x00007ffb815d0000 - 0x00007ffb81653000 	C:\WINDOWS\System32\bcryptPrimitives.dll
0x00007ffb4bfc0000 - 0x00007ffb4bfe8000 	C:\Program Files\Eclipse Adoptium\jdk-11.0.13.8-hotspot\bin\java.dll
0x00007ffb668a0000 - 0x00007ffb668aa000 	C:\Program Files\Eclipse Adoptium\jdk-11.0.13.8-hotspot\bin\jimage.dll
0x00007ffb4df30000 - 0x00007ffb4df47000 	C:\Program Files\Eclipse Adoptium\jdk-11.0.13.8-hotspot\bin\zip.dll
0x00007ffb82e60000 - 0x00007ffb8359f000 	C:\WINDOWS\System32\SHELL32.dll
0x00007ffb7f050000 - 0x00007ffb7f7e0000 	C:\WINDOWS\SYSTEM32\windows.storage.dll
0x00007ffb81dd0000 - 0x00007ffb82125000 	C:\WINDOWS\System32\combase.dll
0x00007ffb80930000 - 0x00007ffb8095e000 	C:\WINDOWS\SYSTEM32\Wldp.dll
0x00007ffb82db0000 - 0x00007ffb82e5d000 	C:\WINDOWS\System32\SHCORE.dll
0x00007ffb81be0000 - 0x00007ffb81c35000 	C:\WINDOWS\System32\shlwapi.dll
0x00007ffb80e90000 - 0x00007ffb80eaf000 	C:\WINDOWS\SYSTEM32\profapi.dll
0x00007ffb4be50000 - 0x00007ffb4be69000 	C:\Program Files\Eclipse Adoptium\jdk-11.0.13.8-hotspot\bin\net.dll
0x00007ffb75410000 - 0x00007ffb7551c000 	C:\WINDOWS\SYSTEM32\WINHTTP.dll
0x00007ffb80690000 - 0x00007ffb806fa000 	C:\WINDOWS\system32\mswsock.dll
0x00007ffb4be30000 - 0x00007ffb4be42000 	C:\Program Files\Eclipse Adoptium\jdk-11.0.13.8-hotspot\bin\nio.dll
0x00007ffb666a0000 - 0x00007ffb666ae000 	C:\Program Files\Eclipse Adoptium\jdk-11.0.13.8-hotspot\bin\sunmscapi.dll
0x00007ffb81280000 - 0x00007ffb813d6000 	C:\WINDOWS\System32\CRYPT32.dll
0x00007ffb809a0000 - 0x00007ffb809c7000 	C:\WINDOWS\SYSTEM32\ncrypt.dll
0x00007ffb80960000 - 0x00007ffb8099b000 	C:\WINDOWS\SYSTEM32\NTASN1.dll
0x00007ffb4b490000 - 0x00007ffb4b4b5000 	C:\Program Files\Eclipse Adoptium\jdk-11.0.13.8-hotspot\bin\sunec.dll
0x00007ffb80880000 - 0x00007ffb80898000 	C:\WINDOWS\SYSTEM32\CRYPTSP.dll
0x00007ffb7ffb0000 - 0x00007ffb7ffe4000 	C:\WINDOWS\system32\rsaenh.dll
0x00007ffb81700000 - 0x00007ffb81727000 	C:\WINDOWS\System32\bcrypt.dll
0x00007ffb80e50000 - 0x00007ffb80e7e000 	C:\WINDOWS\SYSTEM32\USERENV.dll
0x00007ffb808a0000 - 0x00007ffb808ac000 	C:\WINDOWS\SYSTEM32\CRYPTBASE.dll

dbghelp: loaded successfully - version: 4.0.5 - missing functions: none
symbol engine: initialized successfully - sym options: 0x614 - pdb path: .;C:\Program Files\Eclipse Adoptium\jdk-11.0.13.8-hotspot\bin;C:\WINDOWS\SYSTEM32;C:\WINDOWS\WinSxS\amd64_microsoft.windows.common-controls_6595b64144ccf1df_6.0.19041.1110_none_60b5254171f9507e;C:\Program Files\Eclipse Adoptium\jdk-11.0.13.8-hotspot\bin\server

VM Arguments:
jvm_args: -Xmx1024M -Xss1m 
java_command: C:\Users\btnwi\AppData\Local\Android\Sdk\build-tools\30.0.3\lib\apksigner.jar sign --verbose --ks C:/Users/btnwi/.android/debug.keystore --ks-pass pass:android --ks-key-alias androiddebugkey C:/Users/btnwi/AppData/Local/Temp/Godot/tmpexport.1638320450.apk
java_class_path (initial): C:\Users\btnwi\AppData\Local\Android\Sdk\build-tools\30.0.3\lib\apksigner.jar
Launcher Type: SUN_STANDARD

[Global flags]
     intx CICompilerCount                          = 3                                         {product} {ergonomic}
     uint ConcGCThreads                            = 1                                         {product} {ergonomic}
     uint G1ConcRefinementThreads                  = 4                                         {product} {ergonomic}
   size_t G1HeapRegionSize                         = 1048576                                   {product} {ergonomic}
    uintx GCDrainStackTargetSize                   = 64                                        {product} {ergonomic}
   size_t InitialHeapSize                          = 134217728                                 {product} {ergonomic}
   size_t MarkStackSize                            = 4194304                                   {product} {ergonomic}
   size_t MaxHeapSize                              = 1073741824                                {product} {command line}
   size_t MaxNewSize                               = 643825664                                 {product} {ergonomic}
   size_t MinHeapDeltaBytes                        = 1048576                                   {product} {ergonomic}
    uintx NonNMethodCodeHeapSize                   = 5830732                                {pd product} {ergonomic}
    uintx NonProfiledCodeHeapSize                  = 122913754                              {pd product} {ergonomic}
    uintx ProfiledCodeHeapSize                     = 122913754                              {pd product} {ergonomic}
    uintx ReservedCodeCacheSize                    = 251658240                              {pd product} {ergonomic}
     bool SegmentedCodeCache                       = true                                      {product} {ergonomic}
     intx ThreadStackSize                          = 1024                                   {pd product} {command line}
     bool UseCompressedClassPointers               = true                                 {lp64_product} {ergonomic}
     bool UseCompressedOops                        = true                                 {lp64_product} {ergonomic}
     bool UseG1GC                                  = true                                      {product} {ergonomic}
     bool UseLargePagesIndividualAllocation        = false                                  {pd product} {ergonomic}

Logging:
Log output configuration:
 #0: stdout all=warning uptime,level,tags
 #1: stderr all=off uptime,level,tags

Environment Variables:
PATH=C:\Program Files\Eclipse Adoptium\jdk-11.0.13.8-hotspot\bin;C:\Program Files (x86)\Common Files\Oracle\Java\javapath;C:\WINDOWS\system32;C:\WINDOWS;C:\WINDOWS\System32\Wbem;C:\WINDOWS\System32\WindowsPowerShell\v1.0\;C:\WINDOWS\System32\OpenSSH\;C:\Program Files\Microsoft SQL Server\Client SDK\ODBC\110\Tools\Binn\;C:\Program Files (x86)\Microsoft SQL Server\120\Tools\Binn\;C:\Program Files\Microsoft SQL Server\120\Tools\Binn\;C:\Program Files\Microsoft SQL Server\120\DTS\Binn\;C:\Program Files (x86)\Windows Kits\8.1\Windows Performance Toolkit\;C:\Program Files (x86)\PuTTY\;C:\Program Files (x86)\Wolfram Research\WolframScript\;C:\Users\btnwi\Desktop\Git\cmd;C:\Users\btnwi\AppData\Local\Programs\Python\Python39\Scripts\;C:\Users\btnwi\AppData\Local\Programs\Python\Python39\;C:\Users\btnwi\AppData\Local\Microsoft\WindowsApps;;C:\Users\btnwi\AppData\Local\Programs\Microsoft VS Code\bin
USERNAME=btnwi
OS=Windows_NT
PROCESSOR_IDENTIFIER=Intel64 Family 6 Model 58 Stepping 9, GenuineIntel



---------------  S Y S T E M  ---------------

OS: Windows 10 , 64 bit Build 19041 (10.0.19041.1348)
OS uptime: 11 days 23:46 hours

CPU:total 4 (initial active 4) (2 cores per cpu, 2 threads per core) family 6 model 58 stepping 9 microcode 0x21, cmov, cx8, fxsr, mmx, sse, sse2, sse3, ssse3, sse4.1, sse4.2, popcnt, avx, aes, clmul, erms, ht, tsc, tscinvbit, tscinv

Memory: 4k page, system-wide physical 8125M (1376M free)
TotalPageFile size 14120M (AvailPageFile size 0M)
current process WorkingSet (physical memory assigned to process): 61M, peak: 61M
current process commit charge ("private bytes"): 208M, peak: 208M

vm_info: OpenJDK 64-Bit Server VM (11.0.13+8) for windows-amd64 JRE (11.0.13+8), built on Oct 19 2021 17:05:59 by "" with unknown MS VC++:1916

END.
